0 info it worked if it ends with ok
1 verbose cli [ '/home/deepak/.nvm/v0.10.26/bin/node',
1 verbose cli   '/home/deepak/.nvm/v0.10.26/bin/npm',
1 verbose cli   'start' ]
2 info using npm@1.4.3
3 info using node@v0.10.26
4 verbose run-script [ 'prestart', 'start', 'poststart' ]
5 info prestart flexydial-example@0.1.0
6 info start flexydial-example@0.1.0
7 verbose unsafe-perm in lifecycle true
8 info flexydial-example@0.1.0 Failed to exec start script
9 error flexydial-example@0.1.0 start: `./bin/server`
9 error Exit status 8
10 error Failed at the flexydial-example@0.1.0 start script.
10 error This is most likely a problem with the flexydial-example package,
10 error not with npm itself.
10 error Tell the author that this fails on your system:
10 error     ./bin/server
10 error You can get their info via:
10 error     npm owner ls flexydial-example
10 error There is likely additional logging output above.
11 error System Linux 3.8.0-30-generic
12 error command "/home/deepak/.nvm/v0.10.26/bin/node" "/home/deepak/.nvm/v0.10.26/bin/npm" "start"
13 error cwd /home/deepak/buzzworks/flexydial-ivr-freeswitch-server
14 error node -v v0.10.26
15 error npm -v 1.4.3
16 error code ELIFECYCLE
17 verbose exit [ 1, true ]
